0 info it worked if it ends with ok
1 verbose cli [ '/Users/rhys/.nvm/versions/node/v5.10.1/bin/node',
1 verbose cli   '/Users/rhys/.nvm/versions/node/v5.10.1/bin/npm',
1 verbose cli   'publish' ]
2 info using npm@3.8.3
3 info using node@v5.10.1
4 verbose publish [ '.' ]
5 silly cache add args [ '.', null ]
6 verbose cache add spec .
7 silly cache add parsed spec Result {
7 silly cache add   raw: '.',
7 silly cache add   scope: null,
7 silly cache add   name: null,
7 silly cache add   rawSpec: '.',
7 silly cache add   spec: '/Users/rhys/Projects/usability-hub/erb-loader',
7 silly cache add   type: 'directory' }
8 verbose addLocalDirectory /Users/rhys/.npm/@usability-hub/erb-loader/1.0.0/package.tgz not in flight; packing
9 verbose correctMkdir /Users/rhys/.npm correctMkdir not in flight; initializing
10 info lifecycle @usability-hub/erb-loader@1.0.0~prepublish: @usability-hub/erb-loader@1.0.0
11 silly lifecycle @usability-hub/erb-loader@1.0.0~prepublish: no script for prepublish, continuing
12 verbose tar pack [ '/Users/rhys/.npm/@usability-hub/erb-loader/1.0.0/package.tgz',
12 verbose tar pack   '/Users/rhys/Projects/usability-hub/erb-loader' ]
13 verbose tarball /Users/rhys/.npm/@usability-hub/erb-loader/1.0.0/package.tgz
14 verbose folder /Users/rhys/Projects/usability-hub/erb-loader
15 verbose addLocalTarball adding from inside cache /Users/rhys/.npm/@usability-hub/erb-loader/1.0.0/package.tgz
16 verbose correctMkdir /Users/rhys/.npm correctMkdir not in flight; initializing
17 silly cache afterAdd @usability-hub/erb-loader@1.0.0
18 verbose afterAdd /Users/rhys/.npm/@usability-hub/erb-loader/1.0.0/package/package.json not in flight; writing
19 verbose correctMkdir /Users/rhys/.npm correctMkdir not in flight; initializing
20 verbose afterAdd /Users/rhys/.npm/@usability-hub/erb-loader/1.0.0/package/package.json written
21 silly publish { name: '@usability-hub/erb-loader',
21 silly publish   version: '1.0.0',
21 silly publish   description: 'Embedded Ruby (erb) loader for Webpack',
21 silly publish   main: 'index.js',
21 silly publish   scripts: { test: 'echo "Error: no test specified" && exit 1' },
21 silly publish   repository:
21 silly publish    { type: 'git',
21 silly publish      url: 'git+https://github.com/usabilityhub/erb-loader.git' },
21 silly publish   keywords: [ 'erb', 'loader', 'webpack', 'ruby', 'rails' ],
21 silly publish   author: { name: 'UsabilityHub' },
21 silly publish   license: 'MIT',
21 silly publish   bugs: { url: 'https://github.com/usabilityhub/erb-loader/issues' },
21 silly publish   homepage: 'https://github.com/usabilityhub/erb-loader#readme',
21 silly publish   readme: '# ERB loader\n\nSimple `.erb` loader for use with Webpack in a Ruby on Rails project. Files are piped through the `ERB` via a `rails console` call on commandline (see source for more info).\n\n## Installation\n\nInstall from npm\n\n```bash\n$ npm install @usability-hub/erb-loader --save-dev\n```\n\n## Example Webpack config\n\n```js\n// webpack.config.js\n\nmodule.exports = {\n  preLoaders: [\n    { test: /.erb$/, loader: \'@usability-hub/erb-loader\' },\n  ]\n};\n```\n',
21 silly publish   readmeFilename: 'README.md',
21 silly publish   gitHead: '0b4026fa4d8e5a1dbcf86d8c63d3b08d33ff8f42',
21 silly publish   _id: '@usability-hub/erb-loader@1.0.0',
21 silly publish   _shasum: '8a0327dc3863fdacaf50a800a69c882867a299ad',
21 silly publish   _from: '.' }
22 verbose getPublishConfig undefined
23 silly mapToRegistry name @usability-hub/erb-loader
24 silly mapToRegistry scope (from package name) @usability-hub
25 verbose mapToRegistry no registry URL found in name for scope @usability-hub
26 silly mapToRegistry using default registry
27 silly mapToRegistry registry https://registry.npmjs.org/
28 silly mapToRegistry data Result {
28 silly mapToRegistry   raw: '@usability-hub/erb-loader',
28 silly mapToRegistry   scope: '@usability-hub',
28 silly mapToRegistry   name: '@usability-hub/erb-loader',
28 silly mapToRegistry   rawSpec: '',
28 silly mapToRegistry   spec: 'latest',
28 silly mapToRegistry   type: 'tag' }
29 silly mapToRegistry uri https://registry.npmjs.org/@usability-hub%2ferb-loader
30 verbose publish registryBase https://registry.npmjs.org/
31 silly publish uploading /Users/rhys/.npm/@usability-hub/erb-loader/1.0.0/package.tgz
32 verbose request uri https://registry.npmjs.org/@usability-hub%2ferb-loader
33 verbose request sending authorization for write operation
34 info attempt registry request try #1 at 11:48:28 AM
35 verbose request using bearer token for auth
36 verbose request id ee27076099f3ad53
37 http request PUT https://registry.npmjs.org/@usability-hub%2ferb-loader
38 http 402 https://registry.npmjs.org/@usability-hub%2ferb-loader
39 verbose headers { 'content-type': 'application/json',
39 verbose headers   'cache-control': 'max-age=0',
39 verbose headers   'content-length': '119',
39 verbose headers   'accept-ranges': 'bytes',
39 verbose headers   date: 'Thu, 05 May 2016 01:48:29 GMT',
39 verbose headers   via: '1.1 varnish',
39 verbose headers   connection: 'keep-alive',
39 verbose headers   'x-served-by': 'cache-syd1625-SYD',
39 verbose headers   'x-cache': 'MISS',
39 verbose headers   'x-cache-hits': '0',
39 verbose headers   'x-timer': 'S1462412908.495712,VS0,VE904' }
40 verbose request invalidating /Users/rhys/.npm/registry.npmjs.org/_40usability-hub_252ferb-loader on PUT
41 error publish Failed PUT 402
42 verbose stack Error: You need a paid account to perform this action. For more info, visit: https://www.npmjs.com/private-modules : @usability-hub/erb-loader
42 verbose stack     at makeError (/Users/rhys/.nvm/versions/node/v5.10.1/lib/node_modules/npm/node_modules/npm-registry-client/lib/request.js:264:12)
42 verbose stack     at CachingRegistryClient.<anonymous> (/Users/rhys/.nvm/versions/node/v5.10.1/lib/node_modules/npm/node_modules/npm-registry-client/lib/request.js:252:14)
42 verbose stack     at Request._callback (/Users/rhys/.nvm/versions/node/v5.10.1/lib/node_modules/npm/node_modules/npm-registry-client/lib/request.js:172:14)
42 verbose stack     at Request.self.callback (/Users/rhys/.nvm/versions/node/v5.10.1/lib/node_modules/npm/node_modules/request/request.js:199:22)
42 verbose stack     at emitTwo (events.js:100:13)
42 verbose stack     at Request.emit (events.js:185:7)
42 verbose stack     at Request.<anonymous> (/Users/rhys/.nvm/versions/node/v5.10.1/lib/node_modules/npm/node_modules/request/request.js:1036:10)
42 verbose stack     at emitOne (events.js:95:20)
42 verbose stack     at Request.emit (events.js:182:7)
42 verbose stack     at IncomingMessage.<anonymous> (/Users/rhys/.nvm/versions/node/v5.10.1/lib/node_modules/npm/node_modules/request/request.js:963:12)
43 verbose statusCode 402
44 verbose pkgid @usability-hub/erb-loader
45 verbose cwd /Users/rhys/Projects/usability-hub/erb-loader
46 error Darwin 14.3.0
47 error argv "/Users/rhys/.nvm/versions/node/v5.10.1/bin/node" "/Users/rhys/.nvm/versions/node/v5.10.1/bin/npm" "publish"
48 error node v5.10.1
49 error npm  v3.8.3
50 error code E402
51 error You need a paid account to perform this action. For more info, visit: https://www.npmjs.com/private-modules : @usability-hub/erb-loader
52 error If you need help, you may report this error at:
52 error     <https://github.com/npm/npm/issues>
53 verbose exit [ 1, true ]
